$ tsup
[34mCLI[39m Building entry: src/index.ts
[34mCLI[39m Using tsconfig: tsconfig.json
[34mCLI[39m tsup v8.5.1
[34mCLI[39m Using tsup config: E:\Qube Groth Team\qube-ui\packages\spinner\tsup.config.ts
[34mCLI[39m Target: es2022
[34mCLI[39m Cleaning output folder
[34mESM[39m Build start
[34mCJS[39m Build start
[32mCJS[39m [1mdist\index.cjs     [22m[32m1.78 KB[39m
[32mCJS[39m [1mdist\index.css     [22m[32m757.00 B[39m
[32mCJS[39m [1mdist\index.cjs.map [22m[32m1.43 KB[39m
[32mCJS[39m [1mdist\index.css.map [22m[32m1.30 KB[39m
[32mCJS[39m ⚡️ Build success in 789ms
[32mESM[39m [1mdist\index.js      [22m[32m721.00 B[39m
[32mESM[39m [1mdist\index.css     [22m[32m757.00 B[39m
[32mESM[39m [1mdist\index.js.map  [22m[32m1.22 KB[39m
[32mESM[39m [1mdist\index.css.map [22m[32m1.30 KB[39m
[32mESM[39m ⚡️ Build success in 790ms
[34mDTS[39m Build start
Terminate batch job (Y/N)? 
