$ tsup
[34mCLI[39m Building entry: src/index.ts
[34mCLI[39m Using tsconfig: tsconfig.json
[34mCLI[39m tsup v8.5.1
[34mCLI[39m Using tsup config: E:\Qube Groth Team\qube-ui\packages\tabs\tsup.config.ts
[34mCLI[39m Target: es2022
[34mCLI[39m Cleaning output folder
[34mESM[39m Build start
[34mCJS[39m Build start
[32mESM[39m [1mdist\index.js      [22m[32m2.09 KB[39m
[32mESM[39m [1mdist\index.css     [22m[32m647.00 B[39m
[32mESM[39m [1mdist\index.js.map  [22m[32m4.46 KB[39m
[32mESM[39m [1mdist\index.css.map [22m[32m1.13 KB[39m
[32mESM[39m ⚡️ Build success in 1184ms
[32mCJS[39m [1mdist\index.css     [22m[32m647.00 B[39m
[32mCJS[39m [1mdist\index.cjs     [22m[32m3.27 KB[39m
[32mCJS[39m [1mdist\index.css.map [22m[32m1.13 KB[39m
[32mCJS[39m [1mdist\index.cjs.map [22m[32m4.53 KB[39m
[32mCJS[39m ⚡️ Build success in 1261ms
[34mDTS[39m Build start
Terminate batch job (Y/N)? 
