$ tsup
[34mCLI[39m Building entry: src/index.ts
[34mCLI[39m Using tsconfig: tsconfig.json
[34mCLI[39m tsup v8.5.1
[34mCLI[39m Using tsup config: E:\Qube Groth Team\qube-ui\packages\button\tsup.config.ts
[34mCLI[39m Target: es2022
[34mCLI[39m Cleaning output folder
[34mESM[39m Build start
[34mCJS[39m Build start
[32mESM[39m [1mdist\index.js      [22m[32m1.15 KB[39m
[32mESM[39m [1mdist\index.css     [22m[32m1.18 KB[39m
[32mESM[39m [1mdist\index.js.map  [22m[32m1.94 KB[39m
[32mESM[39m [1mdist\index.css.map [22m[32m2.13 KB[39m
[32mESM[39m ⚡️ Build success in 688ms
[32mCJS[39m [1mdist\index.css     [22m[32m1.18 KB[39m
[32mCJS[39m [1mdist\index.cjs     [22m[32m2.29 KB[39m
[32mCJS[39m [1mdist\index.css.map [22m[32m2.13 KB[39m
[32mCJS[39m [1mdist\index.cjs.map [22m[32m2.11 KB[39m
[32mCJS[39m ⚡️ Build success in 808ms
[34mDTS[39m Build start
Terminate batch job (Y/N)? 
