$ tsup
[34mCLI[39m Building entry: src/index.ts
[34mCLI[39m Using tsconfig: tsconfig.json
[34mCLI[39m tsup v8.5.1
[34mCLI[39m Using tsup config: E:\Qube Groth Team\qube-ui\packages\avatar\tsup.config.ts
[34mCLI[39m Target: es2022
[34mCLI[39m Cleaning output folder
[34mESM[39m Build start
[34mCJS[39m Build start
[32mCJS[39m [1mdist\index.cjs     [22m[32m2.07 KB[39m
[32mCJS[39m [1mdist\index.css     [22m[32m715.00 B[39m
[32mCJS[39m [1mdist\index.cjs.map [22m[32m1.89 KB[39m
[32mCJS[39m [1mdist\index.css.map [22m[32m1.25 KB[39m
[32mCJS[39m ⚡️ Build success in 906ms
[32mESM[39m [1mdist\index.js      [22m[32m962.00 B[39m
[32mESM[39m [1mdist\index.css     [22m[32m715.00 B[39m
[32mESM[39m [1mdist\index.js.map  [22m[32m1.69 KB[39m
[32mESM[39m [1mdist\index.css.map [22m[32m1.25 KB[39m
[32mESM[39m ⚡️ Build success in 907ms
[34mDTS[39m Build start
[32mDTS[39m ⚡️ Build success in 6740ms
[32mDTS[39m [1mdist\index.d.ts  [22m[32m377.00 B[39m
[32mDTS[39m [1mdist\index.d.cts [22m[32m377.00 B[39m
