$ tsup
[34mCLI[39m Building entry: src/index.ts
[34mCLI[39m Using tsconfig: tsconfig.json
[34mCLI[39m tsup v8.5.1
[34mCLI[39m Using tsup config: E:\Qube Groth Team\qube-ui\packages\input\tsup.config.ts
[34mCLI[39m Target: es2022
[34mCLI[39m Cleaning output folder
[34mESM[39m Build start
[34mCJS[39m Build start
[32mCJS[39m [1mdist\index.css     [22m[32m1.09 KB[39m
[32mCJS[39m [1mdist\index.cjs     [22m[32m3.22 KB[39m
[32mCJS[39m [1mdist\index.cjs.map [22m[32m3.41 KB[39m
[32mCJS[39m [1mdist\index.css.map [22m[32m2.05 KB[39m
[32mCJS[39m ⚡️ Build success in 839ms
[32mESM[39m [1mdist\index.css     [22m[32m1.09 KB[39m
[32mESM[39m [1mdist\index.js      [22m[32m1.97 KB[39m
[32mESM[39m [1mdist\index.css.map [22m[32m2.05 KB[39m
[32mESM[39m [1mdist\index.js.map  [22m[32m3.22 KB[39m
[32mESM[39m ⚡️ Build success in 873ms
[34mDTS[39m Build start
[32mDTS[39m ⚡️ Build success in 7467ms
[32mDTS[39m [1mdist\index.d.ts  [22m[32m473.00 B[39m
[32mDTS[39m [1mdist\index.d.cts [22m[32m473.00 B[39m
